# JRE version: Java(TM) SE Runtime Environment 18.9 (11.0.14+8) (build 11.0.14+8-LTS-263)
# Java VM: Java HotSpot(TM) 64-Bit Server VM 18.9 (11.0.14+8-LTS-263, mixed mode, tiered, compressed oops, g1 gc, windows-amd64)
Heap:
 garbage-first heap   total 65536K, used 29669K [0x00000000e0000000, 0x0000000100000000)
  region size 1024K, 22 young (22528K), 2 survivors (2048K)
 Metaspace       used 23393K, capacity 24236K, committed 24368K, reserved 1071104K
  class space    used 2819K, capacity 3196K, committed 3200K, reserved 1048576K
GC Heap History (10 events):
Event: 3.036 GC heap before
{Heap before GC invocations=0 (full 0):
 garbage-first heap   total 65536K, used 15360K [0x00000000e0000000, 0x0000000100000000)
  region size 1024K, 14 young (14336K), 0 survivors (0K)
 Metaspace       used 10350K, capacity 10524K, committed 10624K, reserved 1058816K
  class space    used 1038K, capacity 1145K, committed 1152K, reserved 1048576K
}
Event: 3.056 GC heap after
{Heap after GC invocations=1 (full 0):
 garbage-first heap   total 65536K, used 8257K [0x00000000e0000000, 0x0000000100000000)
  region size 1024K, 2 young (2048K), 2 survivors (2048K)
 Metaspace       used 10350K, capacity 10524K, committed 10624K, reserved 1058816K
  class space    used 1038K, capacity 1145K, committed 1152K, reserved 1048576K
}
Event: 4.858 GC heap before
{Heap before GC invocations=1 (full 0):
 garbage-first heap   total 65536K, used 11329K [0x00000000e0000000, 0x0000000100000000)
  region size 1024K, 5 young (5120K), 2 survivors (2048K)
 Metaspace       used 11848K, capacity 12126K, committed 12416K, reserved 1060864K
  class space    used 1241K, capacity 1351K, committed 1408K, reserved 1048576K
}
Event: 4.874 GC heap after
{Heap after GC invocations=2 (full 0):
 garbage-first heap   total 65536K, used 8216K [0x00000000e0000000, 0x0000000100000000)
  region size 1024K, 1 young (1024K), 1 survivors (1024K)
 Metaspace       used 11848K, capacity 12126K, committed 12416K, reserved 1060864K
  class space    used 1241K, capacity 1351K, committed 1408K, reserved 1048576K
}
Event: 8.854 GC heap before
{Heap before GC invocations=2 (full 0):
 garbage-first heap   total 65536K, used 28696K [0x00000000e0000000, 0x0000000100000000)
  region size 1024K, 21 young (21504K), 1 survivors (1024K)
 Metaspace       used 15924K, capacity 16477K, committed 16640K, reserved 1064960K
  class space    used 1799K, capacity 2016K, committed 2048K, reserved 1048576K
}
Event: 8.867 GC heap after
{Heap after GC invocations=3 (full 0):
 garbage-first heap   total 65536K, used 9140K [0x00000000e0000000, 0x0000000100000000)
  region size 1024K, 2 young (2048K), 2 survivors (2048K)
 Metaspace       used 15924K, capacity 16477K, committed 16640K, reserved 1064960K
  class space    used 1799K, capacity 2016K, committed 2048K, reserved 1048576K
}
Event: 11.857 GC heap before
{Heap before GC invocations=3 (full 0):
 garbage-first heap   total 65536K, used 33716K [0x00000000e0000000, 0x0000000100000000)
  region size 1024K, 26 young (26624K), 2 survivors (2048K)
 Metaspace       used 20317K, capacity 20962K, committed 21120K, reserved 1067008K
  class space    used 2319K, capacity 2579K, committed 2688K, reserved 1048576K
}
Event: 11.869 GC heap after
{Heap after GC invocations=4 (full 0):
 garbage-first heap   total 65536K, used 10192K [0x00000000e0000000, 0x0000000100000000)
  region size 1024K, 3 young (3072K), 3 survivors (3072K)
 Metaspace       used 20317K, capacity 20962K, committed 21120K, reserved 1067008K
  class space    used 2319K, capacity 2579K, committed 2688K, reserved 1048576K
}
Event: 12.087 GC heap before
{Heap before GC invocations=4 (full 0):
 garbage-first heap   total 65536K, used 11216K [0x00000000e0000000, 0x0000000100000000)
  region size 1024K, 5 young (5120K), 3 survivors (3072K)
 Metaspace       used 20569K, capacity 21167K, committed 21296K, reserved 1069056K
  class space    used 2360K, capacity 2628K, committed 2688K, reserved 1048576K
}
Event: 12.095 GC heap after
{Heap after GC invocations=5 (full 0):
 garbage-first heap   total 65536K, used 10213K [0x00000000e0000000, 0x0000000100000000)
  region size 1024K, 2 young (2048K), 2 survivors (2048K)
 Metaspace       used 20569K, capacity 21167K, committed 21296K, reserved 1069056K
  class space    used 2360K, capacity 2628K, committed 2688K, reserved 1048576K
}

