# JRE version: Java(TM) SE Runtime Environment 18.9 (11.0.14+8) (build 11.0.14+8-LTS-263)
# Java VM: Java HotSpot(TM) 64-Bit Server VM 18.9 (11.0.14+8-LTS-263, mixed mode, tiered, compressed oops, g1 gc, windows-amd64)
Heap:
 garbage-first heap   total 65536K, used 11261K [0x00000000c1e00000, 0x0000000100000000)
  region size 1024K, 3 young (3072K), 3 survivors (3072K)
 Metaspace       used 25379K, capacity 26154K, committed 26288K, reserved 1085440K
  class space    used 3147K, capacity 3486K, committed 3584K, reserved 1048576K
GC Heap History (10 events):
Event: 11.907 GC heap before
{Heap before GC invocations=2 (full 0):
 garbage-first heap   total 65536K, used 25728K [0x00000000c1e00000, 0x0000000100000000)
  region size 1024K, 19 young (19456K), 1 survivors (1024K)
 Metaspace       used 16767K, capacity 17251K, committed 17536K, reserved 1064960K
  class space    used 1864K, capacity 2071K, committed 2176K, reserved 1048576K
}
Event: 11.922 GC heap after
{Heap after GC invocations=3 (full 0):
 garbage-first heap   total 65536K, used 8398K [0x00000000c1e00000, 0x0000000100000000)
  region size 1024K, 2 young (2048K), 2 survivors (2048K)
 Metaspace       used 16767K, capacity 17251K, committed 17536K, reserved 1064960K
  class space    used 1864K, capacity 2071K, committed 2176K, reserved 1048576K
}
Event: 13.789 GC heap before
{Heap before GC invocations=3 (full 0):
 garbage-first heap   total 65536K, used 28878K [0x00000000c1e00000, 0x0000000100000000)
  region size 1024K, 23 young (23552K), 2 survivors (2048K)
 Metaspace       used 19700K, capacity 20231K, committed 20480K, reserved 1067008K
  class space    used 2291K, capacity 2540K, committed 2560K, reserved 1048576K
}
Event: 13.802 GC heap after
{Heap after GC invocations=4 (full 0):
 garbage-first heap   total 65536K, used 9201K [0x00000000c1e00000, 0x0000000100000000)
  region size 1024K, 2 young (2048K), 2 survivors (2048K)
 Metaspace       used 19700K, capacity 20231K, committed 20480K, reserved 1067008K
  class space    used 2291K, capacity 2540K, committed 2560K, reserved 1048576K
}
Event: 14.758 GC heap before
{Heap before GC invocations=4 (full 0):
 garbage-first heap   total 65536K, used 16369K [0x00000000c1e00000, 0x0000000100000000)
  region size 1024K, 11 young (11264K), 2 survivors (2048K)
 Metaspace       used 20624K, capacity 21198K, committed 21296K, reserved 1069056K
  class space    used 2441K, capacity 2688K, committed 2688K, reserved 1048576K
}
Event: 14.804 GC heap after
{Heap after GC invocations=5 (full 0):
 garbage-first heap   total 65536K, used 9336K [0x00000000c1e00000, 0x0000000100000000)
  region size 1024K, 3 young (3072K), 3 survivors (3072K)
 Metaspace       used 20624K, capacity 21198K, committed 21296K, reserved 1069056K
  class space    used 2441K, capacity 2688K, committed 2688K, reserved 1048576K
}
Event: 15.621 GC heap before
{Heap before GC invocations=6 (full 0):
 garbage-first heap   total 65536K, used 24696K [0x00000000c1e00000, 0x0000000100000000)
  region size 1024K, 20 young (20480K), 3 survivors (3072K)
 Metaspace       used 23167K, capacity 23820K, committed 23856K, reserved 1077248K
  class space    used 2882K, capacity 3182K, committed 3200K, reserved 1048576K
}
Event: 15.636 GC heap after
{Heap after GC invocations=7 (full 0):
 garbage-first heap   total 65536K, used 10271K [0x00000000c1e00000, 0x0000000100000000)
  region size 1024K, 3 young (3072K), 3 survivors (3072K)
 Metaspace       used 23167K, capacity 23820K, committed 23856K, reserved 1077248K
  class space    used 2882K, capacity 3182K, committed 3200K, reserved 1048576K
}
Event: 16.831 GC heap before
{Heap before GC invocations=8 (full 0):
 garbage-first heap   total 65536K, used 26655K [0x00000000c1e00000, 0x0000000100000000)
  region size 1024K, 21 young (21504K), 3 survivors (3072K)
 Metaspace       used 25379K, capacity 26154K, committed 26288K, reserved 1083392K
  class space    used 3147K, capacity 3486K, committed 3584K, reserved 1048576K
}
Event: 16.849 GC heap after
{Heap after GC invocations=9 (full 0):
 garbage-first heap   total 65536K, used 11261K [0x00000000c1e00000, 0x0000000100000000)
  region size 1024K, 3 young (3072K), 3 survivors (3072K)
 Metaspace       used 25379K, capacity 26154K, committed 26288K, reserved 1083392K
  class space    used 3147K, capacity 3486K, committed 3584K, reserved 1048576K
}

