# JRE version: Java(TM) SE Runtime Environment 18.9 (11.0.14+8) (build 11.0.14+8-LTS-263)
# Java VM: Java HotSpot(TM) 64-Bit Server VM 18.9 (11.0.14+8-LTS-263, mixed mode, tiered, compressed oops, g1 gc, windows-amd64)
Heap:
 garbage-first heap   total 262144K, used 143906K [0x00000000e0000000, 0x0000000100000000)
  region size 1024K, 126 young (129024K), 15 survivors (15360K)
 Metaspace       used 54652K, capacity 56401K, committed 56704K, reserved 303104K
  class space    used 7298K, capacity 7978K, committed 8064K, reserved 253952K
GC Heap History (10 events):
Event: 12.057 GC heap before
{Heap before GC invocations=3 (full 0):
 garbage-first heap   total 262144K, used 54440K [0x00000000e0000000, 0x0000000100000000)
  region size 1024K, 44 young (45056K), 4 survivors (4096K)
 Metaspace       used 17614K, capacity 17975K, committed 18176K, reserved 270336K
  class space    used 2102K, capacity 2211K, committed 2304K, reserved 253952K
}
Event: 12.071 GC heap after
{Heap after GC invocations=4 (full 0):
 garbage-first heap   total 262144K, used 17124K [0x00000000e0000000, 0x0000000100000000)
  region size 1024K, 6 young (6144K), 6 survivors (6144K)
 Metaspace       used 17614K, capacity 17975K, committed 18176K, reserved 270336K
  class space    used 2102K, capacity 2211K, committed 2304K, reserved 253952K
}
Event: 13.312 GC heap before
{Heap before GC invocations=4 (full 0):
 garbage-first heap   total 262144K, used 42724K [0x00000000e0000000, 0x0000000100000000)
  region size 1024K, 32 young (32768K), 6 survivors (6144K)
 Metaspace       used 20682K, capacity 21116K, committed 21248K, reserved 272384K
  class space    used 2563K, capacity 2731K, committed 2816K, reserved 253952K
}
Event: 13.321 GC heap after
{Heap after GC invocations=5 (full 0):
 garbage-first heap   total 262144K, used 17749K [0x00000000e0000000, 0x0000000100000000)
  region size 1024K, 5 young (5120K), 5 survivors (5120K)
 Metaspace       used 20682K, capacity 21116K, committed 21248K, reserved 272384K
  class space    used 2563K, capacity 2731K, committed 2816K, reserved 253952K
}
Event: 15.587 GC heap before
{Heap before GC invocations=6 (full 0):
 garbage-first heap   total 262144K, used 73045K [0x00000000e0000000, 0x0000000100000000)
  region size 1024K, 59 young (60416K), 5 survivors (5120K)
 Metaspace       used 26291K, capacity 26910K, committed 27008K, reserved 278528K
  class space    used 3447K, capacity 3671K, committed 3712K, reserved 253952K
}
Event: 15.597 GC heap after
{Heap after GC invocations=7 (full 0):
 garbage-first heap   total 262144K, used 19950K [0x00000000e0000000, 0x0000000100000000)
  region size 1024K, 4 young (4096K), 4 survivors (4096K)
 Metaspace       used 26291K, capacity 26910K, committed 27008K, reserved 278528K
  class space    used 3447K, capacity 3671K, committed 3712K, reserved 253952K
}
Event: 17.835 GC heap before
{Heap before GC invocations=7 (full 0):
 garbage-first heap   total 262144K, used 83438K [0x00000000e0000000, 0x0000000100000000)
  region size 1024K, 67 young (68608K), 4 survivors (4096K)
 Metaspace       used 34900K, capacity 35689K, committed 35840K, reserved 286720K
  class space    used 4572K, capacity 4900K, committed 4992K, reserved 253952K
}
Event: 17.847 GC heap after
{Heap after GC invocations=8 (full 0):
 garbage-first heap   total 262144K, used 22818K [0x00000000e0000000, 0x0000000100000000)
  region size 1024K, 6 young (6144K), 6 survivors (6144K)
 Metaspace       used 34900K, capacity 35689K, committed 35840K, reserved 286720K
  class space    used 4572K, capacity 4900K, committed 4992K, reserved 253952K
}
Event: 23.747 GC heap before
{Heap before GC invocations=9 (full 0):
 garbage-first heap   total 262144K, used 176418K [0x00000000e0000000, 0x0000000100000000)
  region size 1024K, 153 young (156672K), 6 survivors (6144K)
 Metaspace       used 46907K, capacity 48078K, committed 48256K, reserved 296960K
  class space    used 6066K, capacity 6497K, committed 6528K, reserved 253952K
}
Event: 23.776 GC heap after
{Heap after GC invocations=10 (full 0):
 garbage-first heap   total 262144K, used 31266K [0x00000000e0000000, 0x0000000100000000)
  region size 1024K, 15 young (15360K), 15 survivors (15360K)
 Metaspace       used 46907K, capacity 48078K, committed 48256K, reserved 296960K
  class space    used 6066K, capacity 6497K, committed 6528K, reserved 253952K
}

